Unable To Remove File .\resources\files\log\gc\gc.logWelcome for A Game Of Three In A Row!
Enter (1) SinglePlayer (2) MultiPlayer or (q) Exit
Enter: Enter Name For Player 1
Enter: Enter The Size Of Board You Would Like To Play (min 3 max 64)
Enter: Our Contestants Are:
Fredrik
Hal

     0   1   2   3   4   5   6   7   8   9  
 0     |   |   |   |   |   |   |   |   |   
    ----------------------------------------
 1     |   |   |   |   |   |   |   |   |   
    ----------------------------------------
 2     |   |   |   |   |   |   |   |   |   
    ----------------------------------------
 3     |   |   |   |   |   |   |   |   |   
    ----------------------------------------
 4     |   |   |   |   |   |   |   |   |   
    ----------------------------------------
 5     |   |   |   |   |   |   |   |   |   
    ----------------------------------------
 6     |   |   |   |   |   |   |   |   |   
    ----------------------------------------
 7     |   |   |   |   |   |   |   |   |   
    ----------------------------------------
 8     |   |   |   |   |   |   |   |   |   
    ----------------------------------------
 9     |   |   |   |   |   |   |   |   |   
Your Move Fredrik
Enter (Row Col):      0   1   2   3   4   5   6   7   8   9  
 0     |   |   |   |   |   |   |   |   |   
    ----------------------------------------
 1     |   |   |   |   |   |   |   |   |   
    ----------------------------------------
 2     |   |   |   |   |   |   |   |   |   
    ----------------------------------------
 3     |   |   |   |   |   |   |   |   |   
    ----------------------------------------
 4     |   |   |   | O |   |   |   |   |   
    ----------------------------------------
 5     |   |   |   |   |   |   |   |   |   
    ----------------------------------------
 6     |   |   |   |   |   |   |   |   |   
    ----------------------------------------
 7     |   |   |   |   |   |   |   |   |   
    ----------------------------------------
 8     |   |   |   |   |   |   |   |   |   
    ----------------------------------------
 9     |   |   |   |   |   |   |   |   |   
Your Move Hal
.....................
     0   1   2   3   4   5   6   7   8   9  
 0     |   |   |   |   |   |   |   |   |   
    ----------------------------------------
 1     |   |   |   |   |   |   |   |   |   
    ----------------------------------------
 2     |   |   |   |   |   |   |   |   |   
    ----------------------------------------
 3     |   |   |   |   |   |   |   |   |   
    ----------------------------------------
 4     |   |   |   | O |   |   |   |   |   
    ----------------------------------------
 5     |   |   |   |   |   |   |   |   |   
    ----------------------------------------
 6     |   |   |   |   |   |   |   |   |   
    ----------------------------------------
 7     |   |   |   |   |   |   |   |   |   
    ----------------------------------------
 8     |   |   |   |   |   |   |   |   |   
    ----------------------------------------
 9     |   |   |   |   |   | X |   |   |   
Your Move Fredrik
Enter (Row Col):      0   1   2   3   4   5   6   7   8   9  
 0     |   |   |   |   |   |   |   |   |   
    ----------------------------------------
 1     |   |   |   |   |   |   |   |   |   
    ----------------------------------------
 2     |   |   |   |   |   |   |   |   |   
    ----------------------------------------
 3     |   |   |   |   |   |   |   |   |   
    ----------------------------------------
 4     |   |   |   | O |   |   |   |   |   
    ----------------------------------------
 5     |   |   |   |   |   |   |   |   |   
    ----------------------------------------
 6     |   |   |   |   |   |   |   |   |   
    ----------------------------------------
 7     |   |   |   |   |   |   |   |   |   
    ----------------------------------------
 8     |   |   |   |   |   |   |   |   |   
    ----------------------------------------
 9     |   |   |   |   |   | X |   |   |   
Your Move Fredrik
Enter (Row Col):      0   1   2   3   4   5   6   7   8   9  
 0     |   |   |   |   |   |   |   |   |   
    ----------------------------------------
 1     |   |   |   |   |   |   |   |   |   
    ----------------------------------------
 2     |   |   |   |   |   |   |   |   |   
    ----------------------------------------
 3     |   |   |   |   |   |   |   |   |   
    ----------------------------------------
 4     |   |   |   | O |   |   |   |   |   
    ----------------------------------------
 5     |   |   |   |   |   |   |   |   |   
    ----------------------------------------
 6     |   |   |   |   |   |   |   |   |   
    ----------------------------------------
 7     |   |   |   |   |   |   |   |   |   
    ----------------------------------------
 8     |   |   |   |   |   |   |   |   |   
    ----------------------------------------
 9     |   |   |   |   |   | X |   |   |   
Your Move Fredrik
Enter (Row Col):      0   1   2   3   4   5   6   7   8   9  
 0     |   |   |   |   |   |   |   |   |   
    ----------------------------------------
 1     |   |   |   |   |   |   |   |   |   
    ----------------------------------------
 2     |   |   |   |   |   |   |   |   |   
    ----------------------------------------
 3     |   |   |   |   |   |   |   |   |   
    ----------------------------------------
 4     |   |   |   | O |   |   |   |   |   
    ----------------------------------------
 5     |   |   |   |   |   |   |   |   |   
    ----------------------------------------
 6     |   |   |   |   |   |   |   |   |   
    ----------------------------------------
 7     |   |   |   |   |   |   |   |   |   
    ----------------------------------------
 8     |   |   |   |   |   |   |   |   |   
    ----------------------------------------
 9     |   |   |   |   |   | X |   |   |   
Your Move Fredrik
Enter (Row Col):      0   1   2   3   4   5   6   7   8   9  
 0     |   |   |   |   |   |   |   |   |   
    ----------------------------------------
 1     |   |   |   |   |   |   |   |   |   
    ----------------------------------------
 2     |   |   |   |   |   |   |   |   |   
    ----------------------------------------
 3     |   |   |   |   |   |   |   |   |   
    ----------------------------------------
 4     |   |   |   | O |   |   |   |   |   
    ----------------------------------------
 5     |   |   |   |   |   |   |   |   |   
    ----------------------------------------
 6     |   |   |   |   |   |   |   |   |   
    ----------------------------------------
 7     |   |   |   |   |   |   |   |   |   
    ----------------------------------------
 8     |   |   |   |   |   |   |   |   |   
    ----------------------------------------
 9     |   |   |   |   |   | X |   |   |   
Your Move Fredrik
Enter (Row Col):      0   1   2   3   4   5   6   7   8   9  
 0   O |   |   |   |   |   |   |   |   |   
    ----------------------------------------
 1     |   |   |   |   |   |   |   |   |   
    ----------------------------------------
 2     |   |   |   |   |   |   |   |   |   
    ----------------------------------------
 3     |   |   |   |   |   |   |   |   |   
    ----------------------------------------
 4     |   |   |   | O |   |   |   |   |   
    ----------------------------------------
 5     |   |   |   |   |   |   |   |   |   
    ----------------------------------------
 6     |   |   |   |   |   |   |   |   |   
    ----------------------------------------
 7     |   |   |   |   |   |   |   |   |   
    ----------------------------------------
 8     |   |   |   |   |   |   |   |   |   
    ----------------------------------------
 9     |   |   |   |   |   | X |   |   |   
Your Move Hal
.....................
     0   1   2   3   4   5   6   7   8   9  
 0   O |   |   |   |   |   |   |   |   |   
    ----------------------------------------
 1     |   |   |   |   |   |   |   |   |   
    ----------------------------------------
 2     |   |   |   |   |   |   |   |   |   
    ----------------------------------------
 3     |   |   |   |   |   |   |   |   |   
    ----------------------------------------
 4     |   |   |   | O |   |   |   |   |   
    ----------------------------------------
 5     |   |   |   |   |   |   |   |   |   
    ----------------------------------------
 6     |   |   |   |   |   |   |   |   |   
    ----------------------------------------
 7     |   |   |   | X |   |   |   |   |   
    ----------------------------------------
 8     |   |   |   |   |   |   |   |   |   
    ----------------------------------------
 9     |   |   |   |   |   | X |   |   |   
Your Move Fredrik
Enter (Row Col): 